<?xml version="1.0" encoding="UTF-8" ?>
<testsuite tests="1" failures="0" name="com.o2o.service.CampusAreaServiceTest" time="2.315" errors="1" skipped="0">
  <properties>
[...]
</properties>
  <testcase classname="com.o2o.service.CampusAreaServiceTest" name="findAllCampusAreaService" time="2.315">
    <error message="Could not get a resource from the pool" type="redis.clients.jedis.exceptions.JedisConnectionException">redis.clients.jedis.exceptions.JedisConnectionException: Could not get a resource from the pool
	at redis.clients.jedis.util.Pool.getResource(Pool.java:84)
	at redis.clients.jedis.JedisPool.getResource(JedisPool.java:377)
	at com.o2o.cache.JedisUtil.getJedis(JedisUtil.java:32)
	at com.o2o.cache.JedisUtil$Keys.isExist(JedisUtil.java:66)
	at com.o2o.service.impl.CampusAreaServiceImpl.findAllCampusArea(CampusAreaServiceImpl.java:46)
	at sun.reflect.NativeMethodAccessorImpl.invoke0(Native Method)
	at sun.reflect.NativeMethodAccessorImpl.invoke(NativeMethodAccessorImpl.java:62)
	at sun.reflect.DelegatingMethodAccessorImpl.invoke(DelegatingMethodAccessorImpl.java:43)
	at java.lang.reflect.Method.invoke(Method.java:498)
	at org.springframework.aop.support.AopUtils.invokeJoinpointUsingReflection(AopUtils.java:344)
	at org.springframework.aop.framework.ReflectiveMethodInvocation.invokeJoinpoint(ReflectiveMethodInvocation.java:198)
	at org.springframework.aop.framework.ReflectiveMethodInvocation.proceed(ReflectiveMethodInvocation.java:163)
	at org.springframework.transaction.interceptor.TransactionInterceptor$1.proceedWithInvocation(TransactionInterceptor.java:123)
	at org.springframework.transaction.interceptor.TransactionAspectSupport.invokeWithinTransaction(TransactionAspectSupport.java:388)
	at org.springframework.transaction.interceptor.TransactionInterceptor.invoke(TransactionInterceptor.java:119)
	at org.springframework.aop.framework.ReflectiveMethodInvocation.proceed(ReflectiveMethodInvocation.java:186)
	at org.springframework.aop.framework.JdkDynamicAopProxy.invoke(JdkDynamicAopProxy.java:215)
	at com.sun.proxy.$Proxy26.findAllCampusArea(Unknown Source)
	at com.o2o.service.CampusAreaServiceTest.findAllCampusAreaService(CampusAreaServiceTest.java:21)
	at sun.reflect.NativeMethodAccessorImpl.invoke0(Native Method)
	at sun.reflect.NativeMethodAccessorImpl.invoke(NativeMethodAccessorImpl.java:62)
	at sun.reflect.DelegatingMethodAccessorImpl.invoke(DelegatingMethodAccessorImpl.java:43)
	at java.lang.reflect.Method.invoke(Method.java:498)
	at org.junit.runners.model.FrameworkMethod$1.runReflectiveCall(FrameworkMethod.java:59)
	at org.junit.internal.runners.model.ReflectiveCallable.run(ReflectiveCallable.java:12)
	at org.junit.runners.model.FrameworkMethod.invokeExplosively(FrameworkMethod.java:56)
	at org.junit.internal.runners.statements.InvokeMethod.evaluate(InvokeMethod.java:17)
	at org.springframework.test.context.junit4.statements.RunBeforeTestExecutionCallbacks.evaluate(RunBeforeTestExecutionCallbacks.java:74)
	at org.springframework.test.context.junit4.statements.RunAfterTestExecutionCallbacks.evaluate(RunAfterTestExecutionCallbacks.java:84)
	at org.springframework.test.context.junit4.statements.RunBeforeTestMethodCallbacks.evaluate(RunBeforeTestMethodCallbacks.java:75)
	at org.springframework.test.context.junit4.statements.RunAfterTestMethodCallbacks.evaluate(RunAfterTestMethodCallbacks.java:86)
	at org.springframework.test.context.junit4.statements.SpringRepeat.evaluate(SpringRepeat.java:84)
	at org.junit.runners.ParentRunner.runLeaf(ParentRunner.java:366)
	at org.springframework.test.context.junit4.SpringJUnit4ClassRunner.runChild(SpringJUnit4ClassRunner.java:251)
	at org.springframework.test.context.junit4.SpringJUnit4ClassRunner.runChild(SpringJUnit4ClassRunner.java:97)
	at org.junit.runners.ParentRunner$4.run(ParentRunner.java:331)
	at org.junit.runners.ParentRunner$1.schedule(ParentRunner.java:79)
	at org.junit.runners.ParentRunner.runChildren(ParentRunner.java:329)
	at org.junit.runners.ParentRunner.access$100(ParentRunner.java:66)
	at org.junit.runners.ParentRunner$2.evaluate(ParentRunner.java:293)
	at org.springframework.test.context.junit4.statements.RunBeforeTestClassCallbacks.evaluate(RunBeforeTestClassCallbacks.java:61)
	at org.springframework.test.context.junit4.statements.RunAfterTestClassCallbacks.evaluate(RunAfterTestClassCallbacks.java:70)
	at org.junit.runners.ParentRunner$3.evaluate(ParentRunner.java:306)
	at org.junit.runners.ParentRunner.run(ParentRunner.java:413)
	at org.springframework.test.context.junit4.SpringJUnit4ClassRunner.run(SpringJUnit4ClassRunner.java:190)
	at org.apache.maven.surefire.junit4.JUnit4Provider.execute(JUnit4Provider.java:252)
	at org.apache.maven.surefire.junit4.JUnit4Provider.executeTestSet(JUnit4Provider.java:141)
	at org.apache.maven.surefire.junit4.JUnit4Provider.invoke(JUnit4Provider.java:112)
	at sun.reflect.NativeMethodAccessorImpl.invoke0(Native Method)
	at sun.reflect.NativeMethodAccessorImpl.invoke(NativeMethodAccessorImpl.java:62)
	at sun.reflect.DelegatingMethodAccessorImpl.invoke(DelegatingMethodAccessorImpl.java:43)
	at java.lang.reflect.Method.invoke(Method.java:498)
	at org.apache.maven.surefire.util.ReflectionUtils.invokeMethodWithArray(ReflectionUtils.java:189)
	at org.apache.maven.surefire.booter.ProviderFactory$ProviderProxy.invoke(ProviderFactory.java:165)
	at org.apache.maven.surefire.booter.ProviderFactory.invokeProvider(ProviderFactory.java:85)
	at org.apache.maven.surefire.booter.ForkedBooter.runSuitesInProcess(ForkedBooter.java:115)
	at org.apache.maven.surefire.booter.ForkedBooter.main(ForkedBooter.java:75)
Caused by: redis.clients.jedis.exceptions.JedisConnectionException: Failed to create socket.
	at redis.clients.jedis.DefaultJedisSocketFactory.createSocket(DefaultJedisSocketFactory.java:110)
	at redis.clients.jedis.Connection.connect(Connection.java:226)
	at redis.clients.jedis.BinaryClient.connect(BinaryClient.java:144)
	at redis.clients.jedis.BinaryJedis.connect(BinaryJedis.java:314)
	at redis.clients.jedis.BinaryJedis.initializeFromClientConfig(BinaryJedis.java:92)
	at redis.clients.jedis.BinaryJedis.&lt;init&gt;(BinaryJedis.java:297)
	at redis.clients.jedis.Jedis.&lt;init&gt;(Jedis.java:169)
	at redis.clients.jedis.JedisFactory.makeObject(JedisFactory.java:177)
	at org.apache.commons.pool2.impl.GenericObjectPool.create(GenericObjectPool.java:571)
	at org.apache.commons.pool2.impl.GenericObjectPool.borrowObject(GenericObjectPool.java:298)
	at org.apache.commons.pool2.impl.GenericObjectPool.borrowObject(GenericObjectPool.java:223)
	at redis.clients.jedis.util.Pool.getResource(Pool.java:75)
	... 56 more
Caused by: java.net.SocketTimeoutException: connect timed out
	at java.net.DualStackPlainSocketImpl.waitForConnect(Native Method)
	at java.net.DualStackPlainSocketImpl.socketConnect(DualStackPlainSocketImpl.java:81)
	at java.net.AbstractPlainSocketImpl.doConnect(AbstractPlainSocketImpl.java:476)
	at java.net.AbstractPlainSocketImpl.connectToAddress(AbstractPlainSocketImpl.java:218)
	at java.net.AbstractPlainSocketImpl.connect(AbstractPlainSocketImpl.java:200)
	at java.net.PlainSocketImpl.connect(PlainSocketImpl.java:162)
	at java.net.SocksSocketImpl.connect(SocksSocketImpl.java:394)
	at java.net.Socket.connect(Socket.java:606)
	at redis.clients.jedis.DefaultJedisSocketFactory.createSocket(DefaultJedisSocketFactory.java:80)
	... 67 more
</error>
    <system-out>01:45:20.754 [main] DEBUG org.springframework.test.context.cache.DefaultCacheAwareContextLoaderDelegate - Retrieved ApplicationContext [135184888] from cache with key [[MergedContextConfiguration@27e32fe4 testClass = JedisTest, locations = &apos;{classpath:spring/spring-dao.xml, classpath:spring/spring-service.xml, classpath:spring/spring-redis.xml}&apos;, classes = &apos;{}&apos;, contextInitializerClasses = &apos;[]&apos;, activeProfiles = &apos;{}&apos;, propertySourceLocations = &apos;{}&apos;, propertySourceProperties = &apos;{}&apos;, contextCustomizers = set[[empty]], contextLoader = &apos;org.springframework.test.context.support.DelegatingSmartContextLoader&apos;, parent = [null]]]
01:45:20.754 [main] DEBUG org.springframework.test.context.cache - Spring test ApplicationContext cache statistics: [DefaultContextCache@64b31700 size = 1, maxSize = 32, parentContextCount = 0, hitCount = 90, missCount = 1]
01:45:20.755 [main] DEBUG org.springframework.test.context.support.AbstractDirtiesContextTestExecutionListener - After test class: context [DefaultTestContext@72ab05ed testClass = JedisTest, testInstance = [null], testMethod = [null], testException = [null], mergedContextConfiguration = [MergedContextConfiguration@27e32fe4 testClass = JedisTest, locations = &apos;{classpath:spring/spring-dao.xml, classpath:spring/spring-service.xml, classpath:spring/spring-redis.xml}&apos;, classes = &apos;{}&apos;, contextInitializerClasses = &apos;[]&apos;, activeProfiles = &apos;{}&apos;, propertySourceLocations = &apos;{}&apos;, propertySourceProperties = &apos;{}&apos;, contextCustomizers = set[[empty]], contextLoader = &apos;org.springframework.test.context.support.DelegatingSmartContextLoader&apos;, parent = [null]], attributes = map[&apos;org.springframework.test.context.event.ApplicationEventsTestExecutionListener.recordApplicationEvents&apos; -&gt; false]], class annotated with @DirtiesContext [false] with mode [null].
01:45:20.755 [main] DEBUG org.springframework.test.context.junit4.SpringJUnit4ClassRunner - SpringJUnit4ClassRunner constructor called with [class com.o2o.service.CampusAreaServiceTest]
01:45:20.755 [main] DEBUG org.springframework.test.context.BootstrapUtils - Instantiating CacheAwareContextLoaderDelegate from class [org.springframework.test.context.cache.DefaultCacheAwareContextLoaderDelegate]
01:45:20.756 [main] DEBUG org.springframework.test.context.BootstrapUtils - Instantiating BootstrapContext using constructor [public org.springframework.test.context.support.DefaultBootstrapContext(java.lang.Class,org.springframework.test.context.CacheAwareContextLoaderDelegate)]
01:45:20.756 [main] DEBUG org.springframework.test.context.BootstrapUtils - Instantiating TestContextBootstrapper for test class [com.o2o.service.CampusAreaServiceTest] from class [org.springframework.test.context.support.DefaultTestContextBootstrapper]
01:45:20.761 [main] DEBUG org.springframework.test.context.support.AbstractDelegatingSmartContextLoader - Delegating to GenericXmlContextLoader to process context configuration [ContextConfigurationAttributes@5e65afb6 declaringClass = &apos;com.o2o.BaseTest&apos;, classes = &apos;{}&apos;, locations = &apos;{classpath:spring/spring-dao.xml, classpath:spring/spring-service.xml, classpath:spring/spring-redis.xml}&apos;, inheritLocations = true, initializers = &apos;{}&apos;, inheritInitializers = true, name = [null], contextLoaderClass = &apos;org.springframework.test.context.ContextLoader&apos;].
01:45:20.764 [main] DEBUG org.springframework.test.context.support.ActiveProfilesUtils - Could not find an &apos;annotation declaring class&apos; for annotation type [org.springframework.test.context.ActiveProfiles] and class [com.o2o.service.CampusAreaServiceTest]
01:45:20.764 [main] DEBUG org.springframework.test.context.support.DefaultTestContextBootstrapper - @TestExecutionListeners is not present for class [com.o2o.service.CampusAreaServiceTest]: using defaults.
01:45:20.764 [main] INFO org.springframework.test.context.support.DefaultTestContextBootstrapper - Loaded default TestExecutionListener class names from location [META-INF/spring.factories]: [org.springframework.test.context.web.ServletTestExecutionListener, org.springframework.test.context.support.DirtiesContextBeforeModesTestExecutionListener, org.springframework.test.context.event.ApplicationEventsTestExecutionListener, org.springframework.test.context.support.DependencyInjectionTestExecutionListener, org.springframework.test.context.support.DirtiesContextTestExecutionListener, org.springframework.test.context.transaction.TransactionalTestExecutionListener, org.springframework.test.context.jdbc.SqlScriptsTestExecutionListener, org.springframework.test.context.event.EventPublishingTestExecutionListener]
01:45:20.765 [main] INFO org.springframework.test.context.support.DefaultTestContextBootstrapper - Using TestExecutionListeners: [org.springframework.test.context.web.ServletTestExecutionListener@5b3a7ef5, org.springframework.test.context.support.DirtiesContextBeforeModesTestExecutionListener@8851ce1, org.springframework.test.context.event.ApplicationEventsTestExecutionListener@2d9dff65, org.springframework.test.context.support.DependencyInjectionTestExecutionListener@5ef6fd7f, org.springframework.test.context.support.DirtiesContextTestExecutionListener@5633ed82, org.springframework.test.context.transaction.TransactionalTestExecutionListener@767191b1, org.springframework.test.context.jdbc.SqlScriptsTestExecutionListener@34d52ecd, org.springframework.test.context.event.EventPublishingTestExecutionListener@5d21202d]
01:45:20.765 [main] DEBUG org.springframework.test.annotation.ProfileValueUtils - Retrieved @ProfileValueSourceConfiguration [null] for test class [com.o2o.service.CampusAreaServiceTest]
01:45:20.765 [main] DEBUG org.springframework.test.annotation.ProfileValueUtils - Retrieved ProfileValueSource type [class org.springframework.test.annotation.SystemProfileValueSource] for class [com.o2o.service.CampusAreaServiceTest]
01:45:20.765 [main] DEBUG org.springframework.test.annotation.ProfileValueUtils - Retrieved @ProfileValueSourceConfiguration [null] for test class [com.o2o.service.CampusAreaServiceTest]
01:45:20.765 [main] DEBUG org.springframework.test.annotation.ProfileValueUtils - Retrieved ProfileValueSource type [class org.springframework.test.annotation.SystemProfileValueSource] for class [com.o2o.service.CampusAreaServiceTest]
01:45:20.765 [main] DEBUG org.springframework.test.annotation.ProfileValueUtils - Retrieved @ProfileValueSourceConfiguration [null] for test class [com.o2o.service.CampusAreaServiceTest]
01:45:20.765 [main] DEBUG org.springframework.test.annotation.ProfileValueUtils - Retrieved ProfileValueSource type [class org.springframework.test.annotation.SystemProfileValueSource] for class [com.o2o.service.CampusAreaServiceTest]
01:45:20.766 [main] DEBUG org.springframework.test.annotation.ProfileValueUtils - Retrieved @ProfileValueSourceConfiguration [null] for test class [com.o2o.service.CampusAreaServiceTest]
01:45:20.766 [main] DEBUG org.springframework.test.annotation.ProfileValueUtils - Retrieved ProfileValueSource type [class org.springframework.test.annotation.SystemProfileValueSource] for class [com.o2o.service.CampusAreaServiceTest]
01:45:20.767 [main] DEBUG org.springframework.test.context.support.AbstractDirtiesContextTestExecutionListener - Before test class: context [DefaultTestContext@14b789f6 testClass = CampusAreaServiceTest, testInstance = [null], testMethod = [null], testException = [null], mergedContextConfiguration = [MergedContextConfiguration@6eb17ec8 testClass = CampusAreaServiceTest, locations = &apos;{classpath:spring/spring-dao.xml, classpath:spring/spring-service.xml, classpath:spring/spring-redis.xml}&apos;, classes = &apos;{}&apos;, contextInitializerClasses = &apos;[]&apos;, activeProfiles = &apos;{}&apos;, propertySourceLocations = &apos;{}&apos;, propertySourceProperties = &apos;{}&apos;, contextCustomizers = set[[empty]], contextLoader = &apos;org.springframework.test.context.support.DelegatingSmartContextLoader&apos;, parent = [null]], attributes = map[[empty]]], class annotated with @DirtiesContext [false] with mode [null].
01:45:20.768 [main] DEBUG org.springframework.test.context.cache.DefaultCacheAwareContextLoaderDelegate - Retrieved ApplicationContext [135184888] from cache with key [[MergedContextConfiguration@6eb17ec8 testClass = CampusAreaServiceTest, locations = &apos;{classpath:spring/spring-dao.xml, classpath:spring/spring-service.xml, classpath:spring/spring-redis.xml}&apos;, classes = &apos;{}&apos;, contextInitializerClasses = &apos;[]&apos;, activeProfiles = &apos;{}&apos;, propertySourceLocations = &apos;{}&apos;, propertySourceProperties = &apos;{}&apos;, contextCustomizers = set[[empty]], contextLoader = &apos;org.springframework.test.context.support.DelegatingSmartContextLoader&apos;, parent = [null]]]
01:45:20.770 [main] DEBUG org.springframework.test.context.cache - Spring test ApplicationContext cache statistics: [DefaultContextCache@64b31700 size = 1, maxSize = 32, parentContextCount = 0, hitCount = 91, missCount = 1]
01:45:20.770 [main] DEBUG org.springframework.test.annotation.ProfileValueUtils - Retrieved @ProfileValueSourceConfiguration [null] for test class [com.o2o.service.CampusAreaServiceTest]
01:45:20.771 [main] DEBUG org.springframework.test.annotation.ProfileValueUtils - Retrieved ProfileValueSource type [class org.springframework.test.annotation.SystemProfileValueSource] for class [com.o2o.service.CampusAreaServiceTest]
01:45:20.771 [main] DEBUG org.springframework.test.context.support.DependencyInjectionTestExecutionListener - Performing dependency injection for test context [[DefaultTestContext@14b789f6 testClass = CampusAreaServiceTest, testInstance = com.o2o.service.CampusAreaServiceTest@730f9695, testMethod = [null], testException = [null], mergedContextConfiguration = [MergedContextConfiguration@6eb17ec8 testClass = CampusAreaServiceTest, locations = &apos;{classpath:spring/spring-dao.xml, classpath:spring/spring-service.xml, classpath:spring/spring-redis.xml}&apos;, classes = &apos;{}&apos;, contextInitializerClasses = &apos;[]&apos;, activeProfiles = &apos;{}&apos;, propertySourceLocations = &apos;{}&apos;, propertySourceProperties = &apos;{}&apos;, contextCustomizers = set[[empty]], contextLoader = &apos;org.springframework.test.context.support.DelegatingSmartContextLoader&apos;, parent = [null]], attributes = map[&apos;org.springframework.test.context.event.ApplicationEventsTestExecutionListener.recordApplicationEvents&apos; -&gt; false]]].
01:45:20.772 [main] DEBUG org.springframework.test.context.cache.DefaultCacheAwareContextLoaderDelegate - Retrieved ApplicationContext [135184888] from cache with key [[MergedContextConfiguration@6eb17ec8 testClass = CampusAreaServiceTest, locations = &apos;{classpath:spring/spring-dao.xml, classpath:spring/spring-service.xml, classpath:spring/spring-redis.xml}&apos;, classes = &apos;{}&apos;, contextInitializerClasses = &apos;[]&apos;, activeProfiles = &apos;{}&apos;, propertySourceLocations = &apos;{}&apos;, propertySourceProperties = &apos;{}&apos;, contextCustomizers = set[[empty]], contextLoader = &apos;org.springframework.test.context.support.DelegatingSmartContextLoader&apos;, parent = [null]]]
01:45:20.772 [main] DEBUG org.springframework.test.context.cache - Spring test ApplicationContext cache statistics: [DefaultContextCache@64b31700 size = 1, maxSize = 32, parentContextCount = 0, hitCount = 92, missCount = 1]
01:45:20.773 [main] DEBUG org.springframework.test.context.cache.DefaultCacheAwareContextLoaderDelegate - Retrieved ApplicationContext [135184888] from cache with key [[MergedContextConfiguration@6eb17ec8 testClass = CampusAreaServiceTest, locations = &apos;{classpath:spring/spring-dao.xml, classpath:spring/spring-service.xml, classpath:spring/spring-redis.xml}&apos;, classes = &apos;{}&apos;, contextInitializerClasses = &apos;[]&apos;, activeProfiles = &apos;{}&apos;, propertySourceLocations = &apos;{}&apos;, propertySourceProperties = &apos;{}&apos;, contextCustomizers = set[[empty]], contextLoader = &apos;org.springframework.test.context.support.DelegatingSmartContextLoader&apos;, parent = [null]]]
01:45:20.773 [main] DEBUG org.springframework.test.context.cache - Spring test ApplicationContext cache statistics: [DefaultContextCache@64b31700 size = 1, maxSize = 32, parentContextCount = 0, hitCount = 93, missCount = 1]
01:45:20.775 [main] DEBUG org.springframework.test.context.support.AbstractDirtiesContextTestExecutionListener - Before test method: context [DefaultTestContext@14b789f6 testClass = CampusAreaServiceTest, testInstance = com.o2o.service.CampusAreaServiceTest@730f9695, testMethod = findAllCampusAreaService@CampusAreaServiceTest, testException = [null], mergedContextConfiguration = [MergedContextConfiguration@6eb17ec8 testClass = CampusAreaServiceTest, locations = &apos;{classpath:spring/spring-dao.xml, classpath:spring/spring-service.xml, classpath:spring/spring-redis.xml}&apos;, classes = &apos;{}&apos;, contextInitializerClasses = &apos;[]&apos;, activeProfiles = &apos;{}&apos;, propertySourceLocations = &apos;{}&apos;, propertySourceProperties = &apos;{}&apos;, contextCustomizers = set[[empty]], contextLoader = &apos;org.springframework.test.context.support.DelegatingSmartContextLoader&apos;, parent = [null]], attributes = map[&apos;org.springframework.test.context.event.ApplicationEventsTestExecutionListener.recordApplicationEvents&apos; -&gt; false]], class annotated with @DirtiesContext [false] with mode [null], method annotated with @DirtiesContext [false] with mode [null].
01:45:20.777 [main] DEBUG org.springframework.test.context.cache.DefaultCacheAwareContextLoaderDelegate - Retrieved ApplicationContext [135184888] from cache with key [[MergedContextConfiguration@6eb17ec8 testClass = CampusAreaServiceTest, locations = &apos;{classpath:spring/spring-dao.xml, classpath:spring/spring-service.xml, classpath:spring/spring-redis.xml}&apos;, classes = &apos;{}&apos;, contextInitializerClasses = &apos;[]&apos;, activeProfiles = &apos;{}&apos;, propertySourceLocations = &apos;{}&apos;, propertySourceProperties = &apos;{}&apos;, contextCustomizers = set[[empty]], contextLoader = &apos;org.springframework.test.context.support.DelegatingSmartContextLoader&apos;, parent = [null]]]
01:45:20.777 [main] DEBUG org.springframework.test.context.cache - Spring test ApplicationContext cache statistics: [DefaultContextCache@64b31700 size = 1, maxSize = 32, parentContextCount = 0, hitCount = 94, missCount = 1]
01:45:20.777 [main] DEBUG org.springframework.test.context.cache.DefaultCacheAwareContextLoaderDelegate - Retrieved ApplicationContext [135184888] from cache with key [[MergedContextConfiguration@6eb17ec8 testClass = CampusAreaServiceTest, locations = &apos;{classpath:spring/spring-dao.xml, classpath:spring/spring-service.xml, classpath:spring/spring-redis.xml}&apos;, classes = &apos;{}&apos;, contextInitializerClasses = &apos;[]&apos;, activeProfiles = &apos;{}&apos;, propertySourceLocations = &apos;{}&apos;, propertySourceProperties = &apos;{}&apos;, contextCustomizers = set[[empty]], contextLoader = &apos;org.springframework.test.context.support.DelegatingSmartContextLoader&apos;, parent = [null]]]
01:45:20.777 [main] DEBUG org.springframework.test.context.cache - Spring test ApplicationContext cache statistics: [DefaultContextCache@64b31700 size = 1, maxSize = 32, parentContextCount = 0, hitCount = 95, missCount = 1]
01:45:20.796 [main] DEBUG org.springframework.jdbc.datasource.DataSourceTransactionManager - Creating new transaction with name [com.o2o.service.impl.CampusAreaServiceImpl.findAllCampusArea]: PROPAGATION_REQUIRED,ISOLATION_DEFAULT
01:45:20.797 [main] DEBUG org.springframework.jdbc.datasource.DataSourceTransactionManager - Acquired Connection [Lazy Connection proxy for target DataSource [com.o2o.dao.split.DynamicDataSource@6594402a]] for JDBC transaction
01:45:20.803 [main] DEBUG org.springframework.jdbc.datasource.DataSourceTransactionManager - Switching JDBC Connection [Lazy Connection proxy for target DataSource [com.o2o.dao.split.DynamicDataSource@6594402a]] to manual commit
01:45:23.110 [main] DEBUG org.springframework.jdbc.datasource.DataSourceTransactionManager - Initiating transaction rollback
01:45:23.110 [main] DEBUG org.springframework.jdbc.datasource.DataSourceTransactionManager - Rolling back JDBC transaction on Connection [Lazy Connection proxy for target DataSource [com.o2o.dao.split.DynamicDataSource@6594402a]]
01:45:23.110 [main] DEBUG org.springframework.jdbc.datasource.DataSourceTransactionManager - Releasing JDBC Connection [Lazy Connection proxy for target DataSource [com.o2o.dao.split.DynamicDataSource@6594402a]] after transaction
01:45:23.110 [main] DEBUG org.springframework.test.context.cache.DefaultCacheAwareContextLoaderDelegate - Retrieved ApplicationContext [135184888] from cache with key [[MergedContextConfiguration@6eb17ec8 testClass = CampusAreaServiceTest, locations = &apos;{classpath:spring/spring-dao.xml, classpath:spring/spring-service.xml, classpath:spring/spring-redis.xml}&apos;, classes = &apos;{}&apos;, contextInitializerClasses = &apos;[]&apos;, activeProfiles = &apos;{}&apos;, propertySourceLocations = &apos;{}&apos;, propertySourceProperties = &apos;{}&apos;, contextCustomizers = set[[empty]], contextLoader = &apos;org.springframework.test.context.support.DelegatingSmartContextLoader&apos;, parent = [null]]]
01:45:23.110 [main] DEBUG org.springframework.test.context.cache - Spring test ApplicationContext cache statistics: [DefaultContextCache@64b31700 size = 1, maxSize = 32, parentContextCount = 0, hitCount = 96, missCount = 1]
01:45:23.111 [main] DEBUG org.springframework.test.context.cache.DefaultCacheAwareContextLoaderDelegate - Retrieved ApplicationContext [135184888] from cache with key [[MergedContextConfiguration@6eb17ec8 testClass = CampusAreaServiceTest, locations = &apos;{classpath:spring/spring-dao.xml, classpath:spring/spring-service.xml, classpath:spring/spring-redis.xml}&apos;, classes = &apos;{}&apos;, contextInitializerClasses = &apos;[]&apos;, activeProfiles = &apos;{}&apos;, propertySourceLocations = &apos;{}&apos;, propertySourceProperties = &apos;{}&apos;, contextCustomizers = set[[empty]], contextLoader = &apos;org.springframework.test.context.support.DelegatingSmartContextLoader&apos;, parent = [null]]]
01:45:23.111 [main] DEBUG org.springframework.test.context.cache - Spring test ApplicationContext cache statistics: [DefaultContextCache@64b31700 size = 1, maxSize = 32, parentContextCount = 0, hitCount = 97, missCount = 1]
01:45:23.111 [main] DEBUG org.springframework.test.context.support.AbstractDirtiesContextTestExecutionListener - After test method: context [DefaultTestContext@14b789f6 testClass = CampusAreaServiceTest, testInstance = com.o2o.service.CampusAreaServiceTest@730f9695, testMethod = findAllCampusAreaService@CampusAreaServiceTest, testException = redis.clients.jedis.exceptions.JedisConnectionException: Could not get a resource from the pool, mergedContextConfiguration = [MergedContextConfiguration@6eb17ec8 testClass = CampusAreaServiceTest, locations = &apos;{classpath:spring/spring-dao.xml, classpath:spring/spring-service.xml, classpath:spring/spring-redis.xml}&apos;, classes = &apos;{}&apos;, contextInitializerClasses = &apos;[]&apos;, activeProfiles = &apos;{}&apos;, propertySourceLocations = &apos;{}&apos;, propertySourceProperties = &apos;{}&apos;, contextCustomizers = set[[empty]], contextLoader = &apos;org.springframework.test.context.support.DelegatingSmartContextLoader&apos;, parent = [null]], attributes = map[&apos;org.springframework.test.context.event.ApplicationEventsTestExecutionListener.recordApplicationEvents&apos; -&gt; false]], class annotated with @DirtiesContext [false] with mode [null], method annotated with @DirtiesContext [false] with mode [null].
</system-out>
  </testcase>
</testsuite>