<?xml version="1.0" encoding="UTF-8" ?>
<testsuite tests="4" failures="0" name="com.o2o.dao.ShopInfoMapperTest" time="0.004" errors="0" skipped="4">
  <properties>
[...]
</properties>
  <testcase classname="com.o2o.dao.ShopInfoMapperTest" name="insertShopInfoMapper" time="0.001">
    <skipped/>
    <system-out>01:45:07.336 [main] DEBUG org.springframework.test.context.cache.DefaultCacheAwareContextLoaderDelegate - Retrieved ApplicationContext [135184888] from cache with key [[MergedContextConfiguration@27abb83e testClass = ShopCategoryMapperTest, locations = &apos;{classpath:spring/spring-dao.xml, classpath:spring/spring-service.xml, classpath:spring/spring-redis.xml}&apos;, classes = &apos;{}&apos;, contextInitializerClasses = &apos;[]&apos;, activeProfiles = &apos;{}&apos;, propertySourceLocations = &apos;{}&apos;, propertySourceProperties = &apos;{}&apos;, contextCustomizers = set[[empty]], contextLoader = &apos;org.springframework.test.context.support.DelegatingSmartContextLoader&apos;, parent = [null]]]
01:45:07.336 [main] DEBUG org.springframework.test.context.cache - Spring test ApplicationContext cache statistics: [DefaultContextCache@64b31700 size = 1, maxSize = 32, parentContextCount = 0, hitCount = 64, missCount = 1]
01:45:07.337 [main] DEBUG org.springframework.test.context.support.AbstractDirtiesContextTestExecutionListener - After test class: context [DefaultTestContext@45673f68 testClass = ShopCategoryMapperTest, testInstance = [null], testMethod = [null], testException = [null], mergedContextConfiguration = [MergedContextConfiguration@27abb83e testClass = ShopCategoryMapperTest, locations = &apos;{classpath:spring/spring-dao.xml, classpath:spring/spring-service.xml, classpath:spring/spring-redis.xml}&apos;, classes = &apos;{}&apos;, contextInitializerClasses = &apos;[]&apos;, activeProfiles = &apos;{}&apos;, propertySourceLocations = &apos;{}&apos;, propertySourceProperties = &apos;{}&apos;, contextCustomizers = set[[empty]], contextLoader = &apos;org.springframework.test.context.support.DelegatingSmartContextLoader&apos;, parent = [null]], attributes = map[&apos;org.springframework.test.context.event.ApplicationEventsTestExecutionListener.recordApplicationEvents&apos; -&gt; false]], class annotated with @DirtiesContext [false] with mode [null].
01:45:07.337 [main] DEBUG org.springframework.test.context.junit4.SpringJUnit4ClassRunner - SpringJUnit4ClassRunner constructor called with [class com.o2o.dao.ShopInfoMapperTest]
01:45:07.338 [main] DEBUG org.springframework.test.context.BootstrapUtils - Instantiating CacheAwareContextLoaderDelegate from class [org.springframework.test.context.cache.DefaultCacheAwareContextLoaderDelegate]
01:45:07.338 [main] DEBUG org.springframework.test.context.BootstrapUtils - Instantiating BootstrapContext using constructor [public org.springframework.test.context.support.DefaultBootstrapContext(java.lang.Class,org.springframework.test.context.CacheAwareContextLoaderDelegate)]
01:45:07.338 [main] DEBUG org.springframework.test.context.BootstrapUtils - Instantiating TestContextBootstrapper for test class [com.o2o.dao.ShopInfoMapperTest] from class [org.springframework.test.context.support.DefaultTestContextBootstrapper]
01:45:07.339 [main] DEBUG org.springframework.test.context.support.AbstractDelegatingSmartContextLoader - Delegating to GenericXmlContextLoader to process context configuration [ContextConfigurationAttributes@3c5a54b7 declaringClass = &apos;com.o2o.BaseTest&apos;, classes = &apos;{}&apos;, locations = &apos;{classpath:spring/spring-dao.xml, classpath:spring/spring-service.xml, classpath:spring/spring-redis.xml}&apos;, inheritLocations = true, initializers = &apos;{}&apos;, inheritInitializers = true, name = [null], contextLoaderClass = &apos;org.springframework.test.context.ContextLoader&apos;].
01:45:07.340 [main] DEBUG org.springframework.test.context.support.ActiveProfilesUtils - Could not find an &apos;annotation declaring class&apos; for annotation type [org.springframework.test.context.ActiveProfiles] and class [com.o2o.dao.ShopInfoMapperTest]
01:45:07.340 [main] DEBUG org.springframework.test.context.support.DefaultTestContextBootstrapper - @TestExecutionListeners is not present for class [com.o2o.dao.ShopInfoMapperTest]: using defaults.
01:45:07.340 [main] INFO org.springframework.test.context.support.DefaultTestContextBootstrapper - Loaded default TestExecutionListener class names from location [META-INF/spring.factories]: [org.springframework.test.context.web.ServletTestExecutionListener, org.springframework.test.context.support.DirtiesContextBeforeModesTestExecutionListener, org.springframework.test.context.event.ApplicationEventsTestExecutionListener, org.springframework.test.context.support.DependencyInjectionTestExecutionListener, org.springframework.test.context.support.DirtiesContextTestExecutionListener, org.springframework.test.context.transaction.TransactionalTestExecutionListener, org.springframework.test.context.jdbc.SqlScriptsTestExecutionListener, org.springframework.test.context.event.EventPublishingTestExecutionListener]
01:45:07.340 [main] INFO org.springframework.test.context.support.DefaultTestContextBootstrapper - Using TestExecutionListeners: [org.springframework.test.context.web.ServletTestExecutionListener@61f2c3f0, org.springframework.test.context.support.DirtiesContextBeforeModesTestExecutionListener@291120f4, org.springframework.test.context.event.ApplicationEventsTestExecutionListener@417ad4f3, org.springframework.test.context.support.DependencyInjectionTestExecutionListener@2f6bcf87, org.springframework.test.context.support.DirtiesContextTestExecutionListener@58f174d9, org.springframework.test.context.transaction.TransactionalTestExecutionListener@78c7f9b3, org.springframework.test.context.jdbc.SqlScriptsTestExecutionListener@6f8d7714, org.springframework.test.context.event.EventPublishingTestExecutionListener@1e6b9a95]
01:45:07.340 [main] DEBUG org.springframework.test.annotation.ProfileValueUtils - Retrieved @ProfileValueSourceConfiguration [null] for test class [com.o2o.dao.ShopInfoMapperTest]
01:45:07.340 [main] DEBUG org.springframework.test.annotation.ProfileValueUtils - Retrieved ProfileValueSource type [class org.springframework.test.annotation.SystemProfileValueSource] for class [com.o2o.dao.ShopInfoMapperTest]
01:45:07.340 [main] DEBUG org.springframework.test.annotation.ProfileValueUtils - Retrieved @ProfileValueSourceConfiguration [null] for test class [com.o2o.dao.ShopInfoMapperTest]
01:45:07.340 [main] DEBUG org.springframework.test.annotation.ProfileValueUtils - Retrieved ProfileValueSource type [class org.springframework.test.annotation.SystemProfileValueSource] for class [com.o2o.dao.ShopInfoMapperTest]
01:45:07.341 [main] DEBUG org.springframework.test.annotation.ProfileValueUtils - Retrieved @ProfileValueSourceConfiguration [null] for test class [com.o2o.dao.ShopInfoMapperTest]
01:45:07.341 [main] DEBUG org.springframework.test.annotation.ProfileValueUtils - Retrieved ProfileValueSource type [class org.springframework.test.annotation.SystemProfileValueSource] for class [com.o2o.dao.ShopInfoMapperTest]
01:45:07.341 [main] DEBUG org.springframework.test.annotation.ProfileValueUtils - Retrieved @ProfileValueSourceConfiguration [null] for test class [com.o2o.dao.ShopInfoMapperTest]
01:45:07.341 [main] DEBUG org.springframework.test.annotation.ProfileValueUtils - Retrieved ProfileValueSource type [class org.springframework.test.annotation.SystemProfileValueSource] for class [com.o2o.dao.ShopInfoMapperTest]
</system-out>
    <system-err>Mon Jul 25 01:45:07 CST 2022 WARN: Establishing SSL connection without server&apos;s identity verification is not recommended. According to MySQL 5.5.45+, 5.6.26+ and 5.7.6+ requirements SSL connection must be established by default if explicit option isn&apos;t set. For compliance with existing applications not using SSL the verifyServerCertificate property is set to &apos;false&apos;. You need either to explicitly disable SSL by setting useSSL=false, or set useSSL=true and provide truststore for server certificate verification.
</system-err>
  </testcase>
  <testcase classname="com.o2o.dao.ShopInfoMapperTest" name="updateShopInfoTest" time="0.001">
    <skipped/>
  </testcase>
  <testcase classname="com.o2o.dao.ShopInfoMapperTest" name="selectShopInfoMapper" time="0.001">
    <skipped/>
  </testcase>
  <testcase classname="com.o2o.dao.ShopInfoMapperTest" name="selectShopInfoByIdMapper" time="0.001">
    <skipped/>
  </testcase>
</testsuite>